Arguments: 
  /usr/local/bin/node /usr/share/yarn/bin/yarn.js dev

PATH: 
  /vscode/bin/linux-x64/065b450db9f555f177161748e8f2911ebb5677f9-insider/bin:/usr/local/share/npm-global/bin:/usr/local/share/nvm/current/bin:/usr/local/sbin:/usr/local/bin:/usr/sbin:/usr/bin:/sbin:/bin:/home/node/.local/bin

Yarn version: 
  1.22.15

Node version: 
  16.13.1

Platform: 
  linux x64

Trace: 
  Error: Failed to replace env in config: ${NODE_AUTH_TOKEN}
      at /usr/share/yarn/lib/cli.js:99006:13
      at String.replace (<anonymous>)
      at envReplace (/usr/share/yarn/lib/cli.js:99001:16)
      at Function.normalizeConfig (/usr/share/yarn/lib/cli.js:31930:69)
      at NpmRegistry.<anonymous> (/usr/share/yarn/lib/cli.js:31960:34)
      at Generator.next (<anonymous>)
      at step (/usr/share/yarn/lib/cli.js:310:30)
      at /usr/share/yarn/lib/cli.js:321:13

npm manifest: 
  No manifest

yarn manifest: 
  No manifest

Lockfile: 
  No lockfile
